<?xml version="1.0" encoding="UTF-8"?>
<testng-results ignored="0" total="1" passed="1" failed="0" skipped="0">
  <reporter-output>
  </reporter-output>
  <suite started-at="2024-03-23T14:35:30 IST" name="Default suite" finished-at="2024-03-23T14:35:37 IST" duration-ms="6836">
    <groups>
    </groups>
    <test started-at="2024-03-23T14:35:30 IST" name="Default test" finished-at="2024-03-23T14:35:37 IST" duration-ms="6836">
      <class name="Basic.OrganizationTest">
        <test-method signature="CreateOrganizationTest()[pri:0, instance:Basic.OrganizationTest@6d4d66d2]" started-at="2024-03-23T14:35:30 IST" name="CreateOrganizationTest" finished-at="2024-03-23T14:35:37 IST" duration-ms="6787" status="PASS">
          <reporter-output>
          </reporter-output>
        </test-method> <!-- CreateOrganizationTest -->
      </class> <!-- Basic.OrganizationTest -->
    </test> <!-- Default test -->
  </suite> <!-- Default suite -->
</testng-results>
